/*C3*/SET SCHEMA PUBLIC
DISCONNECT
/*C4*/SET SCHEMA PUBLIC
INSERT INTO RESPONSEJPA VALUES(8,FALSE,1,'toto',NULL,8232)
COMMIT
DELETE FROM RESPONSEJPA WHERE ID=8
INSERT INTO RESPONSEJPA VALUES(8,TRUE,2,'toto',NULL,8232)
COMMIT
INSERT INTO RESPONSEJPA VALUES(9,TRUE,1,'toto',NULL,7987)
COMMIT
/*C5*/SET SCHEMA PUBLIC
DISCONNECT
/*C4*/DISCONNECT
/*C6*/SET SCHEMA PUBLIC
INSERT INTO RESPONSEJPA VALUES(10,TRUE,1,'chris',NULL,9683)
COMMIT
INSERT INTO RESPONSEJPA VALUES(11,FALSE,1,'chris',NULL,9682)
COMMIT
INSERT INTO RESPONSEJPA VALUES(12,FALSE,1,'chris',NULL,9997)
COMMIT
